<?xml version="1.0" encoding="UTF-8"?>
<testsuite name="com.example.MyNameMessageServiceTest" tests="1" skipped="0" failures="0" errors="0" timestamp="2022-12-07T17:10:52" hostname="WIIT136N" time="0.015">
  <properties/>
  <testcase name="shouldReturnMyNameAsMessage()" classname="com.example.MyNameMessageServiceTest" time="0.015"/>
  <system-out><![CDATA[]]></system-out>
  <system-err><![CDATA[]]></system-err>
</testsuite>
